2025-09-17 13:07:26 [main] INFO  c.o.l.order.OrderServiceApplication - Starting OrderServiceApplication using Java 21.0.2 with PID 32596 (D:\lavanda\lavanda\order-service\target\classes started by gstit in D:\lavanda\lavanda\order-service)
2025-09-17 13:07:26 [main] DEBUG c.o.l.order.OrderServiceApplication - Running with Spring Boot v3.5.5, Spring v6.2.10
2025-09-17 13:07:26 [main] INFO  c.o.l.order.OrderServiceApplication - No active profile set, falling back to 1 default profile: "default"
2025-09-17 13:07:26 [main] INFO  o.s.d.r.c.RepositoryConfigurationDelegate - Bootstrapping Spring Data JPA repositories in DEFAULT mode.
2025-09-17 13:07:26 [main] INFO  o.s.d.r.c.RepositoryConfigurationDelegate - Finished Spring Data repository scanning in 27 ms. Found 2 JPA repository interfaces.
2025-09-17 13:07:27 [main] INFO  o.s.b.w.e.tomcat.TomcatWebServer - Tomcat initialized with port 8081 (http)
2025-09-17 13:07:27 [main] INFO  o.a.catalina.core.StandardService - Starting service [Tomcat]
2025-09-17 13:07:27 [main] INFO  o.a.catalina.core.StandardEngine - Starting Servlet engine: [Apache Tomcat/10.1.44]
2025-09-17 13:07:27 [main] INFO  o.a.c.c.C.[.[.[/order-service] - Initializing Spring embedded WebApplicationContext
2025-09-17 13:07:27 [main] INFO  o.s.b.w.s.c.ServletWebServerApplicationContext - Root WebApplicationContext: initialization completed in 951 ms
2025-09-17 13:07:27 [main] INFO  com.zaxxer.hikari.HikariDataSource - HikariPool-1 - Starting...
2025-09-17 13:07:27 [main] INFO  com.zaxxer.hikari.pool.HikariPool - HikariPool-1 - Added connection org.postgresql.jdbc.PgConnection@43deba42
2025-09-17 13:07:27 [main] INFO  com.zaxxer.hikari.HikariDataSource - HikariPool-1 - Start completed.
2025-09-17 13:07:27 [main] INFO  liquibase.database - Set default schema name to public
2025-09-17 13:07:27 [main] INFO  liquibase.changelog - Reading from public.databasechangelog
2025-09-17 13:07:28 [main] INFO  liquibase.lockservice - Successfully acquired change log lock
2025-09-17 13:07:28 [main] INFO  liquibase.command - Using deploymentId: 8092848032
2025-09-17 13:07:28 [main] INFO  liquibase.changelog - Reading from public.databasechangelog
2025-09-17 13:07:28 [main] INFO  liquibase.ui - Running Changeset: db/changelog/001-create-orders-table.xml::001-create-orders-table::lavanda-dev
2025-09-17 13:07:28 [main] INFO  liquibase.changelog - Table orders created
2025-09-17 13:07:28 [main] INFO  liquibase.changelog - Custom SQL executed
2025-09-17 13:07:28 [main] ERROR liquibase.changelog - ChangeSet db/changelog/001-create-orders-table.xml::001-create-orders-table::lavanda-dev encountered an exception.
liquibase.exception.DatabaseException: Unterminated dollar quote started at position 85 in SQL CREATE OR REPLACE FUNCTION update_updated_at_column()
            RETURNS TRIGGER AS $$
            BEGIN
                NEW.updated_at = CURRENT_TIMESTAMP;
                RETURN NEW;
            END. Expected terminating $$ [Failed SQL: (0) CREATE OR REPLACE FUNCTION update_updated_at_column()
            RETURNS TRIGGER AS $$
            BEGIN
                NEW.updated_at = CURRENT_TIMESTAMP;
                RETURN NEW;
            END]
	at liquibase.executor.jvm.JdbcExecutor$ExecuteStatementCallback.doInStatement(JdbcExecutor.java:473)
	at liquibase.executor.jvm.JdbcExecutor.execute(JdbcExecutor.java:80)
	at liquibase.executor.jvm.JdbcExecutor.execute(JdbcExecutor.java:182)
	at liquibase.executor.AbstractExecutor.execute(AbstractExecutor.java:141)
	at liquibase.database.AbstractJdbcDatabase.executeStatements(AbstractJdbcDatabase.java:1176)
	at liquibase.changelog.ChangeSet.execute(ChangeSet.java:764)
	at liquibase.changelog.visitor.UpdateVisitor.executeAcceptedChange(UpdateVisitor.java:119)
	at liquibase.changelog.visitor.UpdateVisitor.visit(UpdateVisitor.java:68)
	at liquibase.changelog.ChangeLogIterator$2.lambda$run$0(ChangeLogIterator.java:133)
	at liquibase.Scope.lambda$child$0(Scope.java:190)
	at liquibase.Scope.child(Scope.java:199)
	at liquibase.Scope.child(Scope.java:189)
	at liquibase.Scope.child(Scope.java:168)
	at liquibase.changelog.ChangeLogIterator$2.run(ChangeLogIterator.java:122)
	at liquibase.Scope.lambda$child$0(Scope.java:190)
	at liquibase.Scope.child(Scope.java:199)
	at liquibase.Scope.child(Scope.java:189)
	at liquibase.Scope.child(Scope.java:168)
	at liquibase.Scope.child(Scope.java:256)
	at liquibase.Scope.child(Scope.java:260)
	at liquibase.changelog.ChangeLogIterator.run(ChangeLogIterator.java:89)
	at liquibase.command.core.AbstractUpdateCommandStep.lambda$run$0(AbstractUpdateCommandStep.java:112)
	at liquibase.Scope.lambda$child$0(Scope.java:190)
	at liquibase.Scope.child(Scope.java:199)
	at liquibase.Scope.child(Scope.java:189)
	at liquibase.Scope.child(Scope.java:168)
	at liquibase.command.core.AbstractUpdateCommandStep.run(AbstractUpdateCommandStep.java:110)
	at liquibase.command.core.UpdateCommandStep.run(UpdateCommandStep.java:105)
	at liquibase.command.CommandScope.execute(CommandScope.java:219)
	at liquibase.Liquibase.lambda$update$0(Liquibase.java:245)
	at liquibase.Scope.lambda$child$0(Scope.java:190)
	at liquibase.Scope.child(Scope.java:199)
	at liquibase.Scope.child(Scope.java:189)
	at liquibase.Scope.child(Scope.java:168)
	at liquibase.Liquibase.runInScope(Liquibase.java:1436)
	at liquibase.Liquibase.update(Liquibase.java:234)
	at liquibase.Liquibase.update(Liquibase.java:212)
	at liquibase.integration.spring.SpringLiquibase.performUpdate(SpringLiquibase.java:297)
	at liquibase.integration.spring.SpringLiquibase.lambda$afterPropertiesSet$0(SpringLiquibase.java:249)
	at liquibase.Scope.lambda$child$0(Scope.java:190)
	at liquibase.Scope.child(Scope.java:199)
	at liquibase.Scope.child(Scope.java:189)
	at liquibase.Scope.child(Scope.java:168)
	at liquibase.Scope.child(Scope.java:256)
	at liquibase.integration.spring.SpringLiquibase.afterPropertiesSet(SpringLiquibase.java:242)
	at org.springframework.beans.factory.support.AbstractAutowireCapableBeanFactory.invokeInitMethods(AbstractAutowireCapableBeanFactory.java:1873)
	at org.springframework.beans.factory.support.AbstractAutowireCapableBeanFactory.initializeBean(AbstractAutowireCapableBeanFactory.java:1822)
	at org.springframework.beans.factory.support.AbstractAutowireCapableBeanFactory.doCreateBean(AbstractAutowireCapableBeanFactory.java:607)
	at org.springframework.beans.factory.support.AbstractAutowireCapableBeanFactory.createBean(AbstractAutowireCapableBeanFactory.java:529)
	at org.springframework.beans.factory.support.AbstractBeanFactory.lambda$doGetBean$0(AbstractBeanFactory.java:339)
	at org.springframework.beans.factory.support.DefaultSingletonBeanRegistry.getSingleton(DefaultSingletonBeanRegistry.java:373)
	at org.springframework.beans.factory.support.AbstractBeanFactory.doGetBean(AbstractBeanFactory.java:337)
	at org.springframework.beans.factory.support.AbstractBeanFactory.getBean(AbstractBeanFactory.java:202)
	at org.springframework.beans.factory.support.AbstractBeanFactory.doGetBean(AbstractBeanFactory.java:315)
	at org.springframework.beans.factory.support.AbstractBeanFactory.getBean(AbstractBeanFactory.java:207)
	at org.springframework.context.support.AbstractApplicationContext.finishBeanFactoryInitialization(AbstractApplicationContext.java:970)
	at org.springframework.context.support.AbstractApplicationContext.refresh(AbstractApplicationContext.java:627)
	at org.springframework.boot.web.servlet.context.ServletWebServerApplicationContext.refresh(ServletWebServerApplicationContext.java:146)
	at org.springframework.boot.SpringApplication.refresh(SpringApplication.java:752)
	at org.springframework.boot.SpringApplication.refreshContext(SpringApplication.java:439)
	at org.springframework.boot.SpringApplication.run(SpringApplication.java:318)
	at org.springframework.boot.SpringApplication.run(SpringApplication.java:1361)
	at org.springframework.boot.SpringApplication.run(SpringApplication.java:1350)
	at com.omstu.lavanda.order.OrderServiceApplication.main(OrderServiceApplication.java:17)
Caused by: org.postgresql.util.PSQLException: Unterminated dollar quote started at position 85 in SQL CREATE OR REPLACE FUNCTION update_updated_at_column()
            RETURNS TRIGGER AS $$
            BEGIN
                NEW.updated_at = CURRENT_TIMESTAMP;
                RETURN NEW;
            END. Expected terminating $$
	at org.postgresql.core.Parser.checkParsePosition(Parser.java:1443)
	at org.postgresql.core.Parser.parseSql(Parser.java:1342)
	at org.postgresql.core.Parser.replaceProcessing(Parser.java:1294)
	at org.postgresql.core.CachedQueryCreateAction.create(CachedQueryCreateAction.java:43)
	at org.postgresql.core.QueryExecutorBase.createQueryByKey(QueryExecutorBase.java:369)
	at org.postgresql.jdbc.PgStatement.executeCachedSql(PgStatement.java:313)
	at org.postgresql.jdbc.PgStatement.executeWithFlags(PgStatement.java:297)
	at org.postgresql.jdbc.PgStatement.execute(PgStatement.java:292)
	at com.zaxxer.hikari.pool.ProxyStatement.execute(ProxyStatement.java:95)
	at com.zaxxer.hikari.pool.HikariProxyStatement.execute(HikariProxyStatement.java)
	at liquibase.executor.jvm.JdbcExecutor$ExecuteStatementCallback.doInStatement(JdbcExecutor.java:467)
	... 63 common frames omitted
2025-09-17 13:07:28 [main] INFO  liquibase.util - UPDATE SUMMARY
2025-09-17 13:07:28 [main] INFO  liquibase.util - Run:                          0
2025-09-17 13:07:28 [main] INFO  liquibase.util - Previously run:               0
2025-09-17 13:07:28 [main] INFO  liquibase.util - Filtered out:                 0
2025-09-17 13:07:28 [main] INFO  liquibase.util - -------------------------------
2025-09-17 13:07:28 [main] INFO  liquibase.util - Total change sets:            0
2025-09-17 13:07:28 [main] INFO  liquibase.util - Update summary generated
2025-09-17 13:07:28 [main] INFO  liquibase.command - Update command encountered an exception.
2025-09-17 13:07:28 [main] INFO  liquibase.lockservice - Successfully released change log lock
2025-09-17 13:07:28 [main] INFO  liquibase.command - Logging exception.
2025-09-17 13:07:28 [main] INFO  liquibase.ui - ERROR: Exception Details
2025-09-17 13:07:28 [main] INFO  liquibase.ui - ERROR: Exception Primary Class:  PSQLException
2025-09-17 13:07:28 [main] INFO  liquibase.ui - ERROR: Exception Primary Reason:  Unterminated dollar quote started at position 85 in SQL CREATE OR REPLACE FUNCTION update_updated_at_column()
            RETURNS TRIGGER AS $$
            BEGIN
                NEW.updated_at = CURRENT_TIMESTAMP;
                RETURN NEW;
            END. Expected terminating $$
2025-09-17 13:07:28 [main] INFO  liquibase.ui - ERROR: Exception Primary Source:  PostgreSQL 15.13
2025-09-17 13:07:28 [main] INFO  liquibase.command - Command execution complete
2025-09-17 13:07:28 [main] WARN  o.s.b.w.s.c.AnnotationConfigServletWebServerApplicationContext - Exception encountered during context initialization - cancelling refresh attempt: org.springframework.beans.factory.BeanCreationException: Error creating bean with name 'entityManagerFactory' defined in class path resource [org/springframework/boot/autoconfigure/orm/jpa/HibernateJpaConfiguration.class]: Failed to initialize dependency 'liquibase' of LoadTimeWeaverAware bean 'entityManagerFactory': Error creating bean with name 'liquibase' defined in class path resource [org/springframework/boot/autoconfigure/liquibase/LiquibaseAutoConfiguration$LiquibaseConfiguration.class]: liquibase.exception.CommandExecutionException: liquibase.exception.LiquibaseException: liquibase.exception.MigrationFailedException: Migration failed for changeset db/changelog/001-create-orders-table.xml::001-create-orders-table::lavanda-dev:
     Reason: liquibase.exception.DatabaseException: Unterminated dollar quote started at position 85 in SQL CREATE OR REPLACE FUNCTION update_updated_at_column()
            RETURNS TRIGGER AS $$
            BEGIN
                NEW.updated_at = CURRENT_TIMESTAMP;
                RETURN NEW;
            END. Expected terminating $$ [Failed SQL: (0) CREATE OR REPLACE FUNCTION update_updated_at_column()
            RETURNS TRIGGER AS $$
            BEGIN
                NEW.updated_at = CURRENT_TIMESTAMP;
                RETURN NEW;
            END]
2025-09-17 13:07:28 [main] INFO  com.zaxxer.hikari.HikariDataSource - HikariPool-1 - Shutdown initiated...
2025-09-17 13:07:28 [main] INFO  com.zaxxer.hikari.HikariDataSource - HikariPool-1 - Shutdown completed.
2025-09-17 13:07:28 [main] INFO  o.a.catalina.core.StandardService - Stopping service [Tomcat]
2025-09-17 13:07:28 [main] INFO  o.s.b.a.l.ConditionEvaluationReportLogger - 

Error starting ApplicationContext. To display the condition evaluation report re-run your application with 'debug' enabled.
2025-09-17 13:07:28 [main] ERROR o.s.boot.SpringApplication - Application run failed
org.springframework.beans.factory.BeanCreationException: Error creating bean with name 'entityManagerFactory' defined in class path resource [org/springframework/boot/autoconfigure/orm/jpa/HibernateJpaConfiguration.class]: Failed to initialize dependency 'liquibase' of LoadTimeWeaverAware bean 'entityManagerFactory': Error creating bean with name 'liquibase' defined in class path resource [org/springframework/boot/autoconfigure/liquibase/LiquibaseAutoConfiguration$LiquibaseConfiguration.class]: liquibase.exception.CommandExecutionException: liquibase.exception.LiquibaseException: liquibase.exception.MigrationFailedException: Migration failed for changeset db/changelog/001-create-orders-table.xml::001-create-orders-table::lavanda-dev:
     Reason: liquibase.exception.DatabaseException: Unterminated dollar quote started at position 85 in SQL CREATE OR REPLACE FUNCTION update_updated_at_column()
            RETURNS TRIGGER AS $$
            BEGIN
                NEW.updated_at = CURRENT_TIMESTAMP;
                RETURN NEW;
            END. Expected terminating $$ [Failed SQL: (0) CREATE OR REPLACE FUNCTION update_updated_at_column()
            RETURNS TRIGGER AS $$
            BEGIN
                NEW.updated_at = CURRENT_TIMESTAMP;
                RETURN NEW;
            END]
	at org.springframework.beans.factory.support.AbstractBeanFactory.doGetBean(AbstractBeanFactory.java:328)
	at org.springframework.beans.factory.support.AbstractBeanFactory.getBean(AbstractBeanFactory.java:207)
	at org.springframework.context.support.AbstractApplicationContext.finishBeanFactoryInitialization(AbstractApplicationContext.java:970)
	at org.springframework.context.support.AbstractApplicationContext.refresh(AbstractApplicationContext.java:627)
	at org.springframework.boot.web.servlet.context.ServletWebServerApplicationContext.refresh(ServletWebServerApplicationContext.java:146)
	at org.springframework.boot.SpringApplication.refresh(SpringApplication.java:752)
	at org.springframework.boot.SpringApplication.refreshContext(SpringApplication.java:439)
	at org.springframework.boot.SpringApplication.run(SpringApplication.java:318)
	at org.springframework.boot.SpringApplication.run(SpringApplication.java:1361)
	at org.springframework.boot.SpringApplication.run(SpringApplication.java:1350)
	at com.omstu.lavanda.order.OrderServiceApplication.main(OrderServiceApplication.java:17)
Caused by: org.springframework.beans.factory.BeanCreationException: Error creating bean with name 'liquibase' defined in class path resource [org/springframework/boot/autoconfigure/liquibase/LiquibaseAutoConfiguration$LiquibaseConfiguration.class]: liquibase.exception.CommandExecutionException: liquibase.exception.LiquibaseException: liquibase.exception.MigrationFailedException: Migration failed for changeset db/changelog/001-create-orders-table.xml::001-create-orders-table::lavanda-dev:
     Reason: liquibase.exception.DatabaseException: Unterminated dollar quote started at position 85 in SQL CREATE OR REPLACE FUNCTION update_updated_at_column()
            RETURNS TRIGGER AS $$
            BEGIN
                NEW.updated_at = CURRENT_TIMESTAMP;
                RETURN NEW;
            END. Expected terminating $$ [Failed SQL: (0) CREATE OR REPLACE FUNCTION update_updated_at_column()
            RETURNS TRIGGER AS $$
            BEGIN
                NEW.updated_at = CURRENT_TIMESTAMP;
                RETURN NEW;
            END]
	at org.springframework.beans.factory.support.AbstractAutowireCapableBeanFactory.initializeBean(AbstractAutowireCapableBeanFactory.java:1826)
	at org.springframework.beans.factory.support.AbstractAutowireCapableBeanFactory.doCreateBean(AbstractAutowireCapableBeanFactory.java:607)
	at org.springframework.beans.factory.support.AbstractAutowireCapableBeanFactory.createBean(AbstractAutowireCapableBeanFactory.java:529)
	at org.springframework.beans.factory.support.AbstractBeanFactory.lambda$doGetBean$0(AbstractBeanFactory.java:339)
	at org.springframework.beans.factory.support.DefaultSingletonBeanRegistry.getSingleton(DefaultSingletonBeanRegistry.java:373)
	at org.springframework.beans.factory.support.AbstractBeanFactory.doGetBean(AbstractBeanFactory.java:337)
	at org.springframework.beans.factory.support.AbstractBeanFactory.getBean(AbstractBeanFactory.java:202)
	at org.springframework.beans.factory.support.AbstractBeanFactory.doGetBean(AbstractBeanFactory.java:315)
	... 10 common frames omitted
Caused by: liquibase.exception.UnexpectedLiquibaseException: liquibase.exception.CommandExecutionException: liquibase.exception.LiquibaseException: liquibase.exception.MigrationFailedException: Migration failed for changeset db/changelog/001-create-orders-table.xml::001-create-orders-table::lavanda-dev:
     Reason: liquibase.exception.DatabaseException: Unterminated dollar quote started at position 85 in SQL CREATE OR REPLACE FUNCTION update_updated_at_column()
            RETURNS TRIGGER AS $$
            BEGIN
                NEW.updated_at = CURRENT_TIMESTAMP;
                RETURN NEW;
            END. Expected terminating $$ [Failed SQL: (0) CREATE OR REPLACE FUNCTION update_updated_at_column()
            RETURNS TRIGGER AS $$
            BEGIN
                NEW.updated_at = CURRENT_TIMESTAMP;
                RETURN NEW;
            END]
	at liquibase.integration.spring.SpringLiquibase.afterPropertiesSet(SpringLiquibase.java:259)
	at org.springframework.beans.factory.support.AbstractAutowireCapableBeanFactory.invokeInitMethods(AbstractAutowireCapableBeanFactory.java:1873)
	at org.springframework.beans.factory.support.AbstractAutowireCapableBeanFactory.initializeBean(AbstractAutowireCapableBeanFactory.java:1822)
	... 17 common frames omitted
Caused by: liquibase.exception.CommandExecutionException: liquibase.exception.LiquibaseException: liquibase.exception.MigrationFailedException: Migration failed for changeset db/changelog/001-create-orders-table.xml::001-create-orders-table::lavanda-dev:
     Reason: liquibase.exception.DatabaseException: Unterminated dollar quote started at position 85 in SQL CREATE OR REPLACE FUNCTION update_updated_at_column()
            RETURNS TRIGGER AS $$
            BEGIN
                NEW.updated_at = CURRENT_TIMESTAMP;
                RETURN NEW;
            END. Expected terminating $$ [Failed SQL: (0) CREATE OR REPLACE FUNCTION update_updated_at_column()
            RETURNS TRIGGER AS $$
            BEGIN
                NEW.updated_at = CURRENT_TIMESTAMP;
                RETURN NEW;
            END]
	at liquibase.command.CommandScope.execute(CommandScope.java:257)
	at liquibase.Liquibase.lambda$update$0(Liquibase.java:245)
	at liquibase.Scope.lambda$child$0(Scope.java:190)
	at liquibase.Scope.child(Scope.java:199)
	at liquibase.Scope.child(Scope.java:189)
	at liquibase.Scope.child(Scope.java:168)
	at liquibase.Liquibase.runInScope(Liquibase.java:1436)
	at liquibase.Liquibase.update(Liquibase.java:234)
	at liquibase.Liquibase.update(Liquibase.java:212)
	at liquibase.integration.spring.SpringLiquibase.performUpdate(SpringLiquibase.java:297)
	at liquibase.integration.spring.SpringLiquibase.lambda$afterPropertiesSet$0(SpringLiquibase.java:249)
	at liquibase.Scope.lambda$child$0(Scope.java:190)
	at liquibase.Scope.child(Scope.java:199)
	at liquibase.Scope.child(Scope.java:189)
	at liquibase.Scope.child(Scope.java:168)
	at liquibase.Scope.child(Scope.java:256)
	at liquibase.integration.spring.SpringLiquibase.afterPropertiesSet(SpringLiquibase.java:242)
	... 19 common frames omitted
Caused by: liquibase.exception.LiquibaseException: liquibase.exception.MigrationFailedException: Migration failed for changeset db/changelog/001-create-orders-table.xml::001-create-orders-table::lavanda-dev:
     Reason: liquibase.exception.DatabaseException: Unterminated dollar quote started at position 85 in SQL CREATE OR REPLACE FUNCTION update_updated_at_column()
            RETURNS TRIGGER AS $$
            BEGIN
                NEW.updated_at = CURRENT_TIMESTAMP;
                RETURN NEW;
            END. Expected terminating $$ [Failed SQL: (0) CREATE OR REPLACE FUNCTION update_updated_at_column()
            RETURNS TRIGGER AS $$
            BEGIN
                NEW.updated_at = CURRENT_TIMESTAMP;
                RETURN NEW;
            END]
	at liquibase.changelog.ChangeLogIterator.run(ChangeLogIterator.java:151)
	at liquibase.command.core.AbstractUpdateCommandStep.lambda$run$0(AbstractUpdateCommandStep.java:112)
	at liquibase.Scope.lambda$child$0(Scope.java:190)
	at liquibase.Scope.child(Scope.java:199)
	at liquibase.Scope.child(Scope.java:189)
	at liquibase.Scope.child(Scope.java:168)
	at liquibase.command.core.AbstractUpdateCommandStep.run(AbstractUpdateCommandStep.java:110)
	at liquibase.command.core.UpdateCommandStep.run(UpdateCommandStep.java:105)
	at liquibase.command.CommandScope.execute(CommandScope.java:219)
	... 35 common frames omitted
Caused by: liquibase.exception.MigrationFailedException: Migration failed for changeset db/changelog/001-create-orders-table.xml::001-create-orders-table::lavanda-dev:
     Reason: liquibase.exception.DatabaseException: Unterminated dollar quote started at position 85 in SQL CREATE OR REPLACE FUNCTION update_updated_at_column()
            RETURNS TRIGGER AS $$
            BEGIN
                NEW.updated_at = CURRENT_TIMESTAMP;
                RETURN NEW;
            END. Expected terminating $$ [Failed SQL: (0) CREATE OR REPLACE FUNCTION update_updated_at_column()
            RETURNS TRIGGER AS $$
            BEGIN
                NEW.updated_at = CURRENT_TIMESTAMP;
                RETURN NEW;
            END]
	at liquibase.changelog.ChangeSet.execute(ChangeSet.java:808)
	at liquibase.changelog.visitor.UpdateVisitor.executeAcceptedChange(UpdateVisitor.java:119)
	at liquibase.changelog.visitor.UpdateVisitor.visit(UpdateVisitor.java:68)
	at liquibase.changelog.ChangeLogIterator$2.lambda$run$0(ChangeLogIterator.java:133)
	at liquibase.Scope.lambda$child$0(Scope.java:190)
	at liquibase.Scope.child(Scope.java:199)
	at liquibase.Scope.child(Scope.java:189)
	at liquibase.Scope.child(Scope.java:168)
	at liquibase.changelog.ChangeLogIterator$2.run(ChangeLogIterator.java:122)
	at liquibase.Scope.lambda$child$0(Scope.java:190)
	at liquibase.Scope.child(Scope.java:199)
	at liquibase.Scope.child(Scope.java:189)
	at liquibase.Scope.child(Scope.java:168)
	at liquibase.Scope.child(Scope.java:256)
	at liquibase.Scope.child(Scope.java:260)
	at liquibase.changelog.ChangeLogIterator.run(ChangeLogIterator.java:89)
	... 43 common frames omitted
Caused by: liquibase.exception.DatabaseException: Unterminated dollar quote started at position 85 in SQL CREATE OR REPLACE FUNCTION update_updated_at_column()
            RETURNS TRIGGER AS $$
            BEGIN
                NEW.updated_at = CURRENT_TIMESTAMP;
                RETURN NEW;
            END. Expected terminating $$ [Failed SQL: (0) CREATE OR REPLACE FUNCTION update_updated_at_column()
            RETURNS TRIGGER AS $$
            BEGIN
                NEW.updated_at = CURRENT_TIMESTAMP;
                RETURN NEW;
            END]
	at liquibase.executor.jvm.JdbcExecutor$ExecuteStatementCallback.doInStatement(JdbcExecutor.java:473)
	at liquibase.executor.jvm.JdbcExecutor.execute(JdbcExecutor.java:80)
	at liquibase.executor.jvm.JdbcExecutor.execute(JdbcExecutor.java:182)
	at liquibase.executor.AbstractExecutor.execute(AbstractExecutor.java:141)
	at liquibase.database.AbstractJdbcDatabase.executeStatements(AbstractJdbcDatabase.java:1176)
	at liquibase.changelog.ChangeSet.execute(ChangeSet.java:764)
	... 58 common frames omitted
Caused by: org.postgresql.util.PSQLException: Unterminated dollar quote started at position 85 in SQL CREATE OR REPLACE FUNCTION update_updated_at_column()
            RETURNS TRIGGER AS $$
            BEGIN
                NEW.updated_at = CURRENT_TIMESTAMP;
                RETURN NEW;
            END. Expected terminating $$
	at org.postgresql.core.Parser.checkParsePosition(Parser.java:1443)
	at org.postgresql.core.Parser.parseSql(Parser.java:1342)
	at org.postgresql.core.Parser.replaceProcessing(Parser.java:1294)
	at org.postgresql.core.CachedQueryCreateAction.create(CachedQueryCreateAction.java:43)
	at org.postgresql.core.QueryExecutorBase.createQueryByKey(QueryExecutorBase.java:369)
	at org.postgresql.jdbc.PgStatement.executeCachedSql(PgStatement.java:313)
	at org.postgresql.jdbc.PgStatement.executeWithFlags(PgStatement.java:297)
	at org.postgresql.jdbc.PgStatement.execute(PgStatement.java:292)
	at com.zaxxer.hikari.pool.ProxyStatement.execute(ProxyStatement.java:95)
	at com.zaxxer.hikari.pool.HikariProxyStatement.execute(HikariProxyStatement.java)
	at liquibase.executor.jvm.JdbcExecutor$ExecuteStatementCallback.doInStatement(JdbcExecutor.java:467)
	... 63 common frames omitted
